<?xml version="1.0" encoding="UTF-8"?>
<coverage generated="1596088910483" clover="3.2.0">
  <project timestamp="1596088910483" name="All files">
    <metrics statements="155" coveredstatements="155" conditionals="185" coveredconditionals="163" methods="32" coveredmethods="32" elements="372" coveredelements="350" complexity="0" loc="155" ncloc="155" packages="4" files="5" classes="5"/>
    <package name="src.getFlatMenus">
      <metrics statements="10" coveredstatements="10" conditionals="13" coveredconditionals="9" methods="2" coveredmethods="2"/>
      <file name="getFlatMenus.ts" path="/Users/qixian/Documents/github/route-utils/src/getFlatMenus/getFlatMenus.ts">
        <metrics statements="10" coveredstatements="10" conditionals="13" coveredconditionals="9" methods="2" coveredmethods="2"/>
        <line num="8" count="2" type="stmt"/>
        <line num="15" count="39" type="stmt"/>
        <line num="16" count="39" type="stmt"/>
        <line num="17" count="177" type="cond" truecount="4" falsecount="0"/>
        <line num="18" count="1" type="stmt"/>
        <line num="21" count="176" type="cond" truecount="2" falsecount="1"/>
        <line num="22" count="176" type="cond" truecount="1" falsecount="2"/>
        <line num="24" count="176" type="cond" truecount="2" falsecount="0"/>
        <line num="25" count="24" type="stmt"/>
        <line num="28" count="39" type="stmt"/>
      </file>
    </package>
    <package name="src.getMatchMenu">
      <metrics statements="33" coveredstatements="33" conditionals="31" coveredconditionals="26" methods="6" coveredmethods="6"/>
      <file name="getMatchMenu.ts" path="/Users/qixian/Documents/github/route-utils/src/getMatchMenu/getMatchMenu.ts">
        <metrics statements="33" coveredstatements="33" conditionals="31" coveredconditionals="26" methods="6" coveredmethods="6"/>
        <line num="6" count="1" type="stmt"/>
        <line num="10" count="13" type="stmt"/>
        <line num="12" count="174" type="cond" truecount="4" falsecount="0"/>
        <line num="13" count="1" type="stmt"/>
        <line num="15" count="173" type="cond" truecount="6" falsecount="0"/>
        <line num="16" count="161" type="stmt"/>
        <line num="18" count="161" type="cond" truecount="2" falsecount="0"/>
        <line num="19" count="11" type="stmt"/>
        <line num="22" count="150" type="cond" truecount="2" falsecount="0"/>
        <line num="23" count="14" type="stmt"/>
        <line num="29" count="148" type="stmt"/>
        <line num="33" count="22" type="cond" truecount="2" falsecount="0"/>
        <line num="34" count="6" type="stmt"/>
        <line num="36" count="16" type="cond" truecount="2" falsecount="0"/>
        <line num="37" count="6" type="stmt"/>
        <line num="39" count="10" type="stmt"/>
        <line num="49" count="1" type="stmt"/>
        <line num="53" count="13" type="stmt"/>
        <line num="54" count="13" type="stmt"/>
        <line num="55" count="13" type="cond" truecount="1" falsecount="1"/>
        <line num="56" count="13" type="cond" truecount="2" falsecount="0"/>
        <line num="57" count="1" type="stmt"/>
        <line num="59" count="12" type="cond" truecount="1" falsecount="1"/>
        <line num="65" count="12" type="stmt"/>
        <line num="66" count="12" type="cond" truecount="1" falsecount="1"/>
        <line num="68" count="14" type="cond" truecount="2" falsecount="0"/>
        <line num="69" count="2" type="stmt"/>
        <line num="71" count="12" type="stmt"/>
        <line num="72" count="12" type="stmt"/>
        <line num="74" count="14" type="stmt"/>
        <line num="75" count="12" type="cond" truecount="1" falsecount="1"/>
        <line num="76" count="12" type="stmt"/>
        <line num="78" count="12" type="stmt"/>
      </file>
    </package>
    <package name="src.transformRoute">
      <metrics statements="111" coveredstatements="111" conditionals="141" coveredconditionals="128" methods="24" coveredmethods="24"/>
      <file name="transformRoute.ts" path="/Users/qixian/Documents/github/route-utils/src/transformRoute/transformRoute.ts">
        <metrics statements="111" coveredstatements="111" conditionals="141" coveredconditionals="128" methods="24" coveredmethods="24"/>
        <line num="9" count="323" type="stmt"/>
        <line num="13" count="3" type="stmt"/>
        <line num="15" count="218" type="stmt"/>
        <line num="17" count="3" type="stmt"/>
        <line num="18" count="174" type="stmt"/>
        <line num="19" count="174" type="cond" truecount="4" falsecount="0"/>
        <line num="20" count="162" type="stmt"/>
        <line num="23" count="12" type="stmt"/>
        <line num="24" count="12" type="stmt"/>
        <line num="35" count="3" type="stmt"/>
        <line num="39" count="323" type="stmt"/>
        <line num="42" count="323" type="cond" truecount="5" falsecount="0"/>
        <line num="43" count="103" type="stmt"/>
        <line num="45" count="220" type="cond" truecount="2" falsecount="0"/>
        <line num="63" count="3" type="cond" truecount="0" falsecount="2"/>
        <line num="64" count="485" type="cond" truecount="3" falsecount="1"/>
        <line num="65" count="434" type="stmt"/>
        <line num="67" count="51" type="cond" truecount="2" falsecount="0"/>
        <line num="68" count="5" type="stmt"/>
        <line num="70" count="46" type="stmt"/>
        <line num="74" count="3" type="stmt"/>
        <line num="78" count="323" type="cond" truecount="1" falsecount="1"/>
        <line num="84" count="323" type="stmt"/>
        <line num="87" count="323" type="cond" truecount="4" falsecount="0"/>
        <line num="100" count="323" type="stmt"/>
        <line num="103" count="323" type="cond" truecount="2" falsecount="0"/>
        <line num="104" count="223" type="stmt"/>
        <line num="106" count="323" type="cond" truecount="2" falsecount="0"/>
        <line num="107" count="85" type="stmt"/>
        <line num="110" count="323" type="cond" truecount="4" falsecount="0"/>
        <line num="112" count="37" type="cond" truecount="2" falsecount="0"/>
        <line num="113" count="3" type="stmt"/>
        <line num="114" count="3" type="stmt"/>
        <line num="118" count="34" type="stmt"/>
        <line num="127" count="34" type="cond" truecount="2" falsecount="0"/>
        <line num="128" count="1" type="stmt"/>
        <line num="131" count="33" type="stmt"/>
        <line num="134" count="319" type="stmt"/>
        <line num="146" count="84" type="stmt"/>
        <line num="147" count="84" type="cond" truecount="4" falsecount="0"/>
        <line num="148" count="1" type="stmt"/>
        <line num="150" count="83" type="stmt"/>
        <line num="152" count="327" type="cond" truecount="1" falsecount="1"/>
        <line num="153" count="327" type="cond" truecount="4" falsecount="0"/>
        <line num="154" count="290" type="cond" truecount="2" falsecount="0"/>
        <line num="155" count="3" type="cond" truecount="1" falsecount="1"/>
        <line num="157" count="3" type="cond" truecount="1" falsecount="1"/>
        <line num="158" count="3" type="stmt"/>
        <line num="163" count="324" type="cond" truecount="2" falsecount="0"/>
        <line num="164" count="2" type="stmt"/>
        <line num="166" count="324" type="cond" truecount="5" falsecount="0"/>
        <line num="167" count="1" type="stmt"/>
        <line num="172" count="323" type="cond" truecount="2" falsecount="0"/>
        <line num="173" count="1" type="stmt"/>
        <line num="175" count="322" type="stmt"/>
        <line num="178" count="323" type="stmt"/>
        <line num="181" count="323" type="stmt"/>
        <line num="182" count="323" type="cond" truecount="2" falsecount="0"/>
        <line num="187" count="323" type="cond" truecount="6" falsecount="0"/>
        <line num="198" count="323" type="stmt"/>
        <line num="200" count="323" type="stmt"/>
        <line num="214" count="495" type="cond" truecount="2" falsecount="0"/>
        <line num="217" count="323" type="cond" truecount="2" falsecount="0"/>
        <line num="218" count="223" type="stmt"/>
        <line num="220" count="100" type="stmt"/>
        <line num="222" count="323" type="cond" truecount="4" falsecount="0"/>
        <line num="223" count="37" type="stmt"/>
        <line num="232" count="37" type="stmt"/>
        <line num="237" count="37" type="cond" truecount="2" falsecount="0"/>
        <line num="238" count="3" type="stmt"/>
        <line num="241" count="323" type="stmt"/>
        <line num="246" count="3" type="stmt"/>
        <line num="251" count="3" type="cond" truecount="0" falsecount="1"/>
        <line num="252" count="25" type="stmt"/>
        <line num="255" count="139" type="cond" truecount="5" falsecount="0"/>
        <line num="261" count="111" type="cond" truecount="2" falsecount="0"/>
        <line num="265" count="20" type="cond" truecount="2" falsecount="0"/>
        <line num="267" count="15" type="stmt"/>
        <line num="268" count="15" type="cond" truecount="1" falsecount="1"/>
        <line num="270" count="96" type="stmt"/>
        <line num="272" count="111" type="stmt"/>
        <line num="281" count="1" type="stmt"/>
        <line num="282" count="4" type="cond" truecount="2" falsecount="0"/>
        <line num="286" count="1" type="stmt"/>
        <line num="287" count="1" type="stmt"/>
        <line num="290" count="1" type="stmt"/>
        <line num="297" count="3" type="stmt"/>
        <line num="301" count="12" type="stmt"/>
        <line num="302" count="12" type="stmt"/>
        <line num="303" count="33" type="stmt"/>
        <line num="304" count="162" type="cond" truecount="4" falsecount="0"/>
        <line num="305" count="21" type="stmt"/>
        <line num="308" count="162" type="cond" truecount="2" falsecount="0"/>
        <line num="309" count="162" type="stmt"/>
        <line num="312" count="12" type="stmt"/>
        <line num="313" count="12" type="stmt"/>
        <line num="316" count="3" type="stmt"/>
        <line num="321" count="3" type="cond" truecount="0" falsecount="1"/>
        <line num="322" count="10" type="stmt"/>
        <line num="324" count="30" type="cond" truecount="2" falsecount="0"/>
        <line num="329" count="7" type="stmt"/>
        <line num="330" count="7" type="cond" truecount="1" falsecount="1"/>
        <line num="333" count="23" type="stmt"/>
        <line num="334" count="23" type="stmt"/>
        <line num="335" count="23" type="stmt"/>
        <line num="337" count="30" type="stmt"/>
        <line num="347" count="3" type="stmt"/>
        <line num="356" count="13" type="stmt"/>
        <line num="361" count="13" type="cond" truecount="2" falsecount="0"/>
        <line num="365" count="13" type="stmt"/>
        <line num="367" count="13" type="stmt"/>
      </file>
    </package>
    <package name="test">
      <metrics statements="1" coveredstatements="1" conditionals="0" coveredconditionals="0" methods="0" coveredmethods="0"/>
      <file name="test.config.router2.js" path="/Users/qixian/Documents/github/route-utils/test/test.config.router2.js">
        <metrics statements="1" coveredstatements="1" conditionals="0" coveredconditionals="0" methods="0" coveredmethods="0"/>
        <line num="1" count="1" type="stmt"/>
      </file>
      <file name="test.menu.ts" path="/Users/qixian/Documents/github/route-utils/test/test.menu.ts">
        <metrics statements="0" coveredstatements="0" conditionals="0" coveredconditionals="0" methods="0" coveredmethods="0"/>
      </file>
    </package>
  </project>
</coverage>
