{"/Users/qixian/Documents/github/route-utils/src/getFlatMenus/getFlatMenus.ts": {"path":"/Users/qixian/Documents/github/route-utils/src/getFlatMenus/getFlatMenus.ts","statementMap":{"0":{"start":{"line":8,"column":28},"end":{"line":29,"column":1}},"1":{"start":{"line":15,"column":6},"end":{"line":15,"column":8}},"2":{"start":{"line":16,"column":2},"end":{"line":27,"column":5}},"3":{"start":{"line":17,"column":4},"end":{"line":19,"column":5}},"4":{"start":{"line":18,"column":6},"end":{"line":18,"column":13}},"5":{"start":{"line":21,"column":4},"end":{"line":21,"column":54}},"6":{"start":{"line":22,"column":4},"end":{"line":22,"column":54}},"7":{"start":{"line":24,"column":4},"end":{"line":26,"column":5}},"8":{"start":{"line":25,"column":6},"end":{"line":25,"column":59}},"9":{"start":{"line":28,"column":2},"end":{"line":28,"column":15}}},"fnMap":{"0":{"name":"(anonymous_0)","decl":{"start":{"line":8,"column":28},"end":{"line":8,"column":29}},"loc":{"start":{"line":12,"column":5},"end":{"line":29,"column":1}},"line":12},"1":{"name":"(anonymous_1)","decl":{"start":{"line":16,"column":19},"end":{"line":16,"column":20}},"loc":{"start":{"line":16,"column":29},"end":{"line":27,"column":3}},"line":16}},"branchMap":{"0":{"loc":{"start":{"line":9,"column":2},"end":{"line":9,"column":31}},"type":"default-arg","locations":[{"start":{"line":9,"column":29},"end":{"line":9,"column":31}}],"line":9},"1":{"loc":{"start":{"line":17,"column":4},"end":{"line":19,"column":5}},"type":"if","locations":[{"start":{"line":17,"column":4},"end":{"line":19,"column":5}},{"start":{"line":17,"column":4},"end":{"line":19,"column":5}}],"line":17},"2":{"loc":{"start":{"line":17,"column":8},"end":{"line":17,"column":26}},"type":"binary-expr","locations":[{"start":{"line":17,"column":8},"end":{"line":17,"column":13}},{"start":{"line":17,"column":17},"end":{"line":17,"column":26}}],"line":17},"3":{"loc":{"start":{"line":21,"column":10},"end":{"line":21,"column":38}},"type":"binary-expr","locations":[{"start":{"line":21,"column":10},"end":{"line":21,"column":19}},{"start":{"line":21,"column":23},"end":{"line":21,"column":31}},{"start":{"line":21,"column":35},"end":{"line":21,"column":38}}],"line":21},"4":{"loc":{"start":{"line":22,"column":10},"end":{"line":22,"column":38}},"type":"binary-expr","locations":[{"start":{"line":22,"column":10},"end":{"line":22,"column":18}},{"start":{"line":22,"column":22},"end":{"line":22,"column":31}},{"start":{"line":22,"column":35},"end":{"line":22,"column":38}}],"line":22},"5":{"loc":{"start":{"line":24,"column":4},"end":{"line":26,"column":5}},"type":"if","locations":[{"start":{"line":24,"column":4},"end":{"line":26,"column":5}},{"start":{"line":24,"column":4},"end":{"line":26,"column":5}}],"line":24}},"s":{"0":2,"1":39,"2":39,"3":177,"4":1,"5":176,"6":176,"7":176,"8":24,"9":39},"f":{"0":39,"1":177},"b":{"0":[0],"1":[1,176],"2":[177,177],"3":[176,2,0],"4":[176,0,0],"5":[24,152]},"_coverageSchema":"43e27e138ebf9cfc5966b082cf9a028302ed4184","hash":"e6a37e6c4f827e2ca58f264c7b2f2e453434efc4"}
,"/Users/qixian/Documents/github/route-utils/src/getMatchMenu/getMatchMenu.ts": {"path":"/Users/qixian/Documents/github/route-utils/src/getMatchMenu/getMatchMenu.ts","statementMap":{"0":{"start":{"line":6,"column":30},"end":{"line":41,"column":10}},"1":{"start":{"line":10,"column":2},"end":{"line":41,"column":10}},"2":{"start":{"line":12,"column":6},"end":{"line":14,"column":7}},"3":{"start":{"line":13,"column":8},"end":{"line":13,"column":20}},"4":{"start":{"line":15,"column":6},"end":{"line":28,"column":7}},"5":{"start":{"line":16,"column":8},"end":{"line":27,"column":9}},"6":{"start":{"line":18,"column":10},"end":{"line":20,"column":11}},"7":{"start":{"line":19,"column":12},"end":{"line":19,"column":24}},"8":{"start":{"line":22,"column":10},"end":{"line":24,"column":11}},"9":{"start":{"line":23,"column":12},"end":{"line":23,"column":24}},"10":{"start":{"line":29,"column":6},"end":{"line":29,"column":19}},"11":{"start":{"line":33,"column":6},"end":{"line":35,"column":7}},"12":{"start":{"line":34,"column":8},"end":{"line":34,"column":18}},"13":{"start":{"line":36,"column":6},"end":{"line":38,"column":7}},"14":{"start":{"line":37,"column":8},"end":{"line":37,"column":19}},"15":{"start":{"line":39,"column":6},"end":{"line":39,"column":75}},"16":{"start":{"line":49,"column":28},"end":{"line":79,"column":1}},"17":{"start":{"line":53,"column":20},"end":{"line":53,"column":41}},"18":{"start":{"line":54,"column":23},"end":{"line":54,"column":45}},"19":{"start":{"line":55,"column":22},"end":{"line":55,"column":67}},"20":{"start":{"line":56,"column":2},"end":{"line":58,"column":3}},"21":{"start":{"line":57,"column":4},"end":{"line":57,"column":14}},"22":{"start":{"line":59,"column":19},"end":{"line":62,"column":3}},"23":{"start":{"line":65,"column":14},"end":{"line":65,"column":23}},"24":{"start":{"line":66,"column":22},"end":{"line":74,"column":45}},"25":{"start":{"line":68,"column":6},"end":{"line":70,"column":7}},"26":{"start":{"line":69,"column":8},"end":{"line":69,"column":20}},"27":{"start":{"line":71,"column":6},"end":{"line":71,"column":25}},"28":{"start":{"line":72,"column":6},"end":{"line":72,"column":28}},"29":{"start":{"line":74,"column":22},"end":{"line":74,"column":26}},"30":{"start":{"line":75,"column":2},"end":{"line":77,"column":3}},"31":{"start":{"line":76,"column":4},"end":{"line":76,"column":31}},"32":{"start":{"line":78,"column":2},"end":{"line":78,"column":21}}},"fnMap":{"0":{"name":"(anonymous_0)","decl":{"start":{"line":6,"column":30},"end":{"line":6,"column":31}},"loc":{"start":{"line":10,"column":2},"end":{"line":41,"column":10}},"line":10},"1":{"name":"(anonymous_1)","decl":{"start":{"line":11,"column":12},"end":{"line":11,"column":13}},"loc":{"start":{"line":11,"column":22},"end":{"line":30,"column":5}},"line":11},"2":{"name":"(anonymous_2)","decl":{"start":{"line":31,"column":10},"end":{"line":31,"column":11}},"loc":{"start":{"line":31,"column":20},"end":{"line":40,"column":5}},"line":31},"3":{"name":"(anonymous_3)","decl":{"start":{"line":49,"column":28},"end":{"line":49,"column":29}},"loc":{"start":{"line":52,"column":21},"end":{"line":79,"column":1}},"line":52},"4":{"name":"(anonymous_4)","decl":{"start":{"line":67,"column":9},"end":{"line":67,"column":10}},"loc":{"start":{"line":67,"column":18},"end":{"line":73,"column":5}},"line":67},"5":{"name":"(anonymous_5)","decl":{"start":{"line":74,"column":12},"end":{"line":74,"column":13}},"loc":{"start":{"line":74,"column":22},"end":{"line":74,"column":26}},"line":74}},"branchMap":{"0":{"loc":{"start":{"line":7,"column":2},"end":{"line":7,"column":29}},"type":"default-arg","locations":[{"start":{"line":7,"column":27},"end":{"line":7,"column":29}}],"line":7},"1":{"loc":{"start":{"line":12,"column":6},"end":{"line":14,"column":7}},"type":"if","locations":[{"start":{"line":12,"column":6},"end":{"line":14,"column":7}},{"start":{"line":12,"column":6},"end":{"line":14,"column":7}}],"line":12},"2":{"loc":{"start":{"line":12,"column":10},"end":{"line":12,"column":38}},"type":"binary-expr","locations":[{"start":{"line":12,"column":10},"end":{"line":12,"column":22}},{"start":{"line":12,"column":26},"end":{"line":12,"column":38}}],"line":12},"3":{"loc":{"start":{"line":15,"column":6},"end":{"line":28,"column":7}},"type":"if","locations":[{"start":{"line":15,"column":6},"end":{"line":28,"column":7}},{"start":{"line":15,"column":6},"end":{"line":28,"column":7}}],"line":15},"4":{"loc":{"start":{"line":15,"column":10},"end":{"line":15,"column":63}},"type":"binary-expr","locations":[{"start":{"line":15,"column":10},"end":{"line":15,"column":22}},{"start":{"line":15,"column":26},"end":{"line":15,"column":39}},{"start":{"line":15,"column":43},"end":{"line":15,"column":47}},{"start":{"line":15,"column":51},"end":{"line":15,"column":63}}],"line":15},"5":{"loc":{"start":{"line":18,"column":10},"end":{"line":20,"column":11}},"type":"if","locations":[{"start":{"line":18,"column":10},"end":{"line":20,"column":11}},{"start":{"line":18,"column":10},"end":{"line":20,"column":11}}],"line":18},"6":{"loc":{"start":{"line":22,"column":10},"end":{"line":24,"column":11}},"type":"if","locations":[{"start":{"line":22,"column":10},"end":{"line":24,"column":11}},{"start":{"line":22,"column":10},"end":{"line":24,"column":11}}],"line":22},"7":{"loc":{"start":{"line":33,"column":6},"end":{"line":35,"column":7}},"type":"if","locations":[{"start":{"line":33,"column":6},"end":{"line":35,"column":7}},{"start":{"line":33,"column":6},"end":{"line":35,"column":7}}],"line":33},"8":{"loc":{"start":{"line":36,"column":6},"end":{"line":38,"column":7}},"type":"if","locations":[{"start":{"line":36,"column":6},"end":{"line":38,"column":7}},{"start":{"line":36,"column":6},"end":{"line":38,"column":7}}],"line":36},"9":{"loc":{"start":{"line":55,"column":51},"end":{"line":55,"column":66}},"type":"binary-expr","locations":[{"start":{"line":55,"column":51},"end":{"line":55,"column":59}},{"start":{"line":55,"column":63},"end":{"line":55,"column":66}}],"line":55},"10":{"loc":{"start":{"line":56,"column":2},"end":{"line":58,"column":3}},"type":"if","locations":[{"start":{"line":56,"column":2},"end":{"line":58,"column":3}},{"start":{"line":56,"column":2},"end":{"line":58,"column":3}}],"line":56},"11":{"loc":{"start":{"line":59,"column":19},"end":{"line":62,"column":3}},"type":"binary-expr","locations":[{"start":{"line":59,"column":19},"end":{"line":59,"column":41}},{"start":{"line":59,"column":45},"end":{"line":62,"column":3}}],"line":59},"12":{"loc":{"start":{"line":66,"column":23},"end":{"line":66,"column":59}},"type":"binary-expr","locations":[{"start":{"line":66,"column":23},"end":{"line":66,"column":53}},{"start":{"line":66,"column":57},"end":{"line":66,"column":59}}],"line":66},"13":{"loc":{"start":{"line":68,"column":6},"end":{"line":70,"column":7}},"type":"if","locations":[{"start":{"line":68,"column":6},"end":{"line":70,"column":7}},{"start":{"line":68,"column":6},"end":{"line":70,"column":7}}],"line":68},"14":{"loc":{"start":{"line":75,"column":2},"end":{"line":77,"column":3}},"type":"if","locations":[{"start":{"line":75,"column":2},"end":{"line":77,"column":3}},{"start":{"line":75,"column":2},"end":{"line":77,"column":3}}],"line":75}},"s":{"0":1,"1":13,"2":174,"3":1,"4":173,"5":161,"6":161,"7":11,"8":150,"9":14,"10":148,"11":22,"12":6,"13":16,"14":6,"15":10,"16":1,"17":13,"18":13,"19":13,"20":13,"21":1,"22":12,"23":12,"24":12,"25":14,"26":2,"27":12,"28":12,"29":14,"30":12,"31":12,"32":12},"f":{"0":13,"1":174,"2":22,"3":13,"4":14,"5":14},"b":{"0":[0],"1":[1,173],"2":[174,9],"3":[161,12],"4":[173,165,163,163],"5":[11,150],"6":[14,136],"7":[6,16],"8":[6,10],"9":[13,0],"10":[1,12],"11":[12,0],"12":[12,0],"13":[2,12],"14":[12,0]},"_coverageSchema":"43e27e138ebf9cfc5966b082cf9a028302ed4184","hash":"2d5065c78fd22eac8414116a86b96403cebb9ecb"}
,"/Users/qixian/Documents/github/route-utils/src/transformRoute/transformRoute.ts": {"path":"/Users/qixian/Documents/github/route-utils/src/transformRoute/transformRoute.ts","statementMap":{"0":{"start":{"line":9,"column":2},"end":{"line":9,"column":41}},"1":{"start":{"line":13,"column":12},"end":{"line":13,"column":179}},"2":{"start":{"line":15,"column":21},"end":{"line":15,"column":62}},"3":{"start":{"line":15,"column":48},"end":{"line":15,"column":62}},"4":{"start":{"line":17,"column":28},"end":{"line":28,"column":1}},"5":{"start":{"line":18,"column":19},"end":{"line":18,"column":23}},"6":{"start":{"line":19,"column":2},"end":{"line":21,"column":3}},"7":{"start":{"line":20,"column":4},"end":{"line":20,"column":16}},"8":{"start":{"line":23,"column":2},"end":{"line":27,"column":3}},"9":{"start":{"line":24,"column":4},"end":{"line":24,"column":74}},"10":{"start":{"line":35,"column":26},"end":{"line":46,"column":1}},"11":{"start":{"line":39,"column":27},"end":{"line":39,"column":31}},"12":{"start":{"line":42,"column":2},"end":{"line":44,"column":3}},"13":{"start":{"line":43,"column":4},"end":{"line":43,"column":17}},"14":{"start":{"line":45,"column":2},"end":{"line":45,"column":48}},"15":{"start":{"line":63,"column":18},"end":{"line":71,"column":1}},"16":{"start":{"line":64,"column":2},"end":{"line":66,"column":3}},"17":{"start":{"line":65,"column":4},"end":{"line":65,"column":16}},"18":{"start":{"line":67,"column":2},"end":{"line":69,"column":3}},"19":{"start":{"line":68,"column":4},"end":{"line":68,"column":16}},"20":{"start":{"line":70,"column":2},"end":{"line":70,"column":78}},"21":{"start":{"line":74,"column":37},"end":{"line":135,"column":1}},"22":{"start":{"line":78,"column":57},"end":{"line":78,"column":62}},"23":{"start":{"line":84,"column":6},"end":{"line":84,"column":19}},"24":{"start":{"line":87,"column":4},"end":{"line":97,"column":16}},"25":{"start":{"line":100,"column":17},"end":{"line":102,"column":19}},"26":{"start":{"line":103,"column":2},"end":{"line":105,"column":3}},"27":{"start":{"line":104,"column":4},"end":{"line":104,"column":23}},"28":{"start":{"line":106,"column":2},"end":{"line":108,"column":3}},"29":{"start":{"line":107,"column":4},"end":{"line":107,"column":23}},"30":{"start":{"line":110,"column":2},"end":{"line":132,"column":3}},"31":{"start":{"line":112,"column":4},"end":{"line":115,"column":5}},"32":{"start":{"line":113,"column":6},"end":{"line":113,"column":29}},"33":{"start":{"line":114,"column":6},"end":{"line":114,"column":20}},"34":{"start":{"line":118,"column":20},"end":{"line":124,"column":5}},"35":{"start":{"line":127,"column":4},"end":{"line":129,"column":5}},"36":{"start":{"line":128,"column":6},"end":{"line":128,"column":21}},"37":{"start":{"line":131,"column":4},"end":{"line":131,"column":30}},"38":{"start":{"line":134,"column":2},"end":{"line":134,"column":16}},"39":{"start":{"line":146,"column":66},"end":{"line":146,"column":71}},"40":{"start":{"line":147,"column":2},"end":{"line":149,"column":3}},"41":{"start":{"line":148,"column":4},"end":{"line":148,"column":14}},"42":{"start":{"line":150,"column":2},"end":{"line":243,"column":13}},"43":{"start":{"line":152,"column":6},"end":{"line":152,"column":30}},"44":{"start":{"line":152,"column":17},"end":{"line":152,"column":30}},"45":{"start":{"line":153,"column":6},"end":{"line":153,"column":52}},"46":{"start":{"line":153,"column":40},"end":{"line":153,"column":52}},"47":{"start":{"line":154,"column":6},"end":{"line":154,"column":33}},"48":{"start":{"line":154,"column":21},"end":{"line":154,"column":33}},"49":{"start":{"line":155,"column":6},"end":{"line":155,"column":35}},"50":{"start":{"line":155,"column":23},"end":{"line":155,"column":35}},"51":{"start":{"line":157,"column":6},"end":{"line":157,"column":38}},"52":{"start":{"line":157,"column":25},"end":{"line":157,"column":38}},"53":{"start":{"line":158,"column":6},"end":{"line":158,"column":19}},"54":{"start":{"line":163,"column":6},"end":{"line":165,"column":7}},"55":{"start":{"line":164,"column":8},"end":{"line":164,"column":25}},"56":{"start":{"line":166,"column":6},"end":{"line":168,"column":7}},"57":{"start":{"line":167,"column":8},"end":{"line":167,"column":20}},"58":{"start":{"line":172,"column":6},"end":{"line":174,"column":7}},"59":{"start":{"line":173,"column":8},"end":{"line":173,"column":21}},"60":{"start":{"line":175,"column":6},"end":{"line":175,"column":18}},"61":{"start":{"line":178,"column":19},"end":{"line":180,"column":7}},"62":{"start":{"line":181,"column":23},"end":{"line":181,"column":27}},"63":{"start":{"line":182,"column":21},"end":{"line":182,"column":66}},"64":{"start":{"line":187,"column":8},"end":{"line":189,"column":16}},"65":{"start":{"line":198,"column":10},"end":{"line":198,"column":16}},"66":{"start":{"line":200,"column":40},"end":{"line":215,"column":7}},"67":{"start":{"line":214,"column":26},"end":{"line":214,"column":44}},"68":{"start":{"line":217,"column":6},"end":{"line":221,"column":7}},"69":{"start":{"line":218,"column":8},"end":{"line":218,"column":38}},"70":{"start":{"line":220,"column":8},"end":{"line":220,"column":32}},"71":{"start":{"line":222,"column":6},"end":{"line":240,"column":7}},"72":{"start":{"line":223,"column":34},"end":{"line":230,"column":9}},"73":{"start":{"line":232,"column":8},"end":{"line":235,"column":24}},"74":{"start":{"line":237,"column":8},"end":{"line":239,"column":9}},"75":{"start":{"line":238,"column":10},"end":{"line":238,"column":38}},"76":{"start":{"line":241,"column":6},"end":{"line":241,"column":62}},"77":{"start":{"line":246,"column":28},"end":{"line":246,"column":58}},"78":{"start":{"line":251,"column":30},"end":{"line":272,"column":27}},"79":{"start":{"line":252,"column":2},"end":{"line":272,"column":27}},"80":{"start":{"line":255,"column":8},"end":{"line":258,"column":22}},"81":{"start":{"line":261,"column":6},"end":{"line":269,"column":7}},"82":{"start":{"line":265,"column":52},"end":{"line":265,"column":73}},"83":{"start":{"line":267,"column":25},"end":{"line":267,"column":61}},"84":{"start":{"line":268,"column":8},"end":{"line":268,"column":58}},"85":{"start":{"line":268,"column":29},"end":{"line":268,"column":58}},"86":{"start":{"line":270,"column":6},"end":{"line":270,"column":46}},"87":{"start":{"line":272,"column":22},"end":{"line":272,"column":26}},"88":{"start":{"line":281,"column":4},"end":{"line":289,"column":5}},"89":{"start":{"line":282,"column":6},"end":{"line":288,"column":7}},"90":{"start":{"line":286,"column":8},"end":{"line":286,"column":27}},"91":{"start":{"line":287,"column":8},"end":{"line":287,"column":14}},"92":{"start":{"line":290,"column":4},"end":{"line":290,"column":22}},"93":{"start":{"line":297,"column":29},"end":{"line":314,"column":1}},"94":{"start":{"line":301,"column":20},"end":{"line":301,"column":49}},"95":{"start":{"line":302,"column":26},"end":{"line":311,"column":3}},"96":{"start":{"line":303,"column":4},"end":{"line":310,"column":7}},"97":{"start":{"line":304,"column":6},"end":{"line":306,"column":7}},"98":{"start":{"line":305,"column":8},"end":{"line":305,"column":53}},"99":{"start":{"line":308,"column":19},"end":{"line":308,"column":71}},"100":{"start":{"line":309,"column":6},"end":{"line":309,"column":36}},"101":{"start":{"line":312,"column":2},"end":{"line":312,"column":28}},"102":{"start":{"line":313,"column":2},"end":{"line":313,"column":19}},"103":{"start":{"line":316,"column":39},"end":{"line":319,"column":1}},"104":{"start":{"line":321,"column":22},"end":{"line":338,"column":1}},"105":{"start":{"line":322,"column":2},"end":{"line":337,"column":28}},"106":{"start":{"line":324,"column":6},"end":{"line":331,"column":7}},"107":{"start":{"line":329,"column":25},"end":{"line":329,"column":53}},"108":{"start":{"line":330,"column":8},"end":{"line":330,"column":58}},"109":{"start":{"line":330,"column":29},"end":{"line":330,"column":58}},"110":{"start":{"line":333,"column":26},"end":{"line":333,"column":37}},"111":{"start":{"line":334,"column":6},"end":{"line":334,"column":34}},"112":{"start":{"line":335,"column":6},"end":{"line":335,"column":25}},"113":{"start":{"line":337,"column":22},"end":{"line":337,"column":26}},"114":{"start":{"line":347,"column":23},"end":{"line":368,"column":1}},"115":{"start":{"line":356,"column":27},"end":{"line":360,"column":4}},"116":{"start":{"line":361,"column":19},"end":{"line":363,"column":45}},"117":{"start":{"line":365,"column":21},"end":{"line":365,"column":69}},"118":{"start":{"line":367,"column":2},"end":{"line":367,"column":34}}},"fnMap":{"0":{"name":"stripQueryStringAndHashFromPath","decl":{"start":{"line":8,"column":9},"end":{"line":8,"column":40}},"loc":{"start":{"line":8,"column":54},"end":{"line":10,"column":1}},"line":8},"1":{"name":"(anonymous_1)","decl":{"start":{"line":15,"column":21},"end":{"line":15,"column":22}},"loc":{"start":{"line":15,"column":48},"end":{"line":15,"column":62}},"line":15},"2":{"name":"(anonymous_2)","decl":{"start":{"line":17,"column":28},"end":{"line":17,"column":29}},"loc":{"start":{"line":17,"column":52},"end":{"line":28,"column":1}},"line":17},"3":{"name":"(anonymous_3)","decl":{"start":{"line":35,"column":26},"end":{"line":35,"column":27}},"loc":{"start":{"line":38,"column":21},"end":{"line":46,"column":1}},"line":38},"4":{"name":"(anonymous_4)","decl":{"start":{"line":63,"column":18},"end":{"line":63,"column":19}},"loc":{"start":{"line":63,"column":67},"end":{"line":71,"column":1}},"line":63},"5":{"name":"(anonymous_5)","decl":{"start":{"line":74,"column":37},"end":{"line":74,"column":38}},"loc":{"start":{"line":77,"column":5},"end":{"line":135,"column":1}},"line":77},"6":{"name":"formatter","decl":{"start":{"line":142,"column":9},"end":{"line":142,"column":18}},"loc":{"start":{"line":145,"column":18},"end":{"line":244,"column":1}},"line":145},"7":{"name":"(anonymous_7)","decl":{"start":{"line":151,"column":12},"end":{"line":151,"column":13}},"loc":{"start":{"line":151,"column":22},"end":{"line":159,"column":5}},"line":151},"8":{"name":"(anonymous_8)","decl":{"start":{"line":160,"column":12},"end":{"line":160,"column":13}},"loc":{"start":{"line":160,"column":22},"end":{"line":176,"column":5}},"line":160},"9":{"name":"(anonymous_9)","decl":{"start":{"line":177,"column":9},"end":{"line":177,"column":10}},"loc":{"start":{"line":177,"column":35},"end":{"line":242,"column":5}},"line":177},"10":{"name":"(anonymous_10)","decl":{"start":{"line":214,"column":17},"end":{"line":214,"column":18}},"loc":{"start":{"line":214,"column":26},"end":{"line":214,"column":44}},"line":214},"11":{"name":"(anonymous_11)","decl":{"start":{"line":251,"column":30},"end":{"line":251,"column":31}},"loc":{"start":{"line":252,"column":2},"end":{"line":272,"column":27}},"line":252},"12":{"name":"(anonymous_12)","decl":{"start":{"line":254,"column":6},"end":{"line":254,"column":7}},"loc":{"start":{"line":255,"column":8},"end":{"line":258,"column":22}},"line":255},"13":{"name":"(anonymous_13)","decl":{"start":{"line":260,"column":9},"end":{"line":260,"column":10}},"loc":{"start":{"line":260,"column":33},"end":{"line":271,"column":5}},"line":260},"14":{"name":"(anonymous_14)","decl":{"start":{"line":265,"column":27},"end":{"line":265,"column":28}},"loc":{"start":{"line":265,"column":52},"end":{"line":265,"column":73}},"line":265},"15":{"name":"(anonymous_15)","decl":{"start":{"line":272,"column":12},"end":{"line":272,"column":13}},"loc":{"start":{"line":272,"column":22},"end":{"line":272,"column":26}},"line":272},"16":{"name":"(anonymous_16)","decl":{"start":{"line":278,"column":2},"end":{"line":278,"column":3}},"loc":{"start":{"line":278,"column":24},"end":{"line":291,"column":3}},"line":278},"17":{"name":"(anonymous_17)","decl":{"start":{"line":297,"column":29},"end":{"line":297,"column":30}},"loc":{"start":{"line":299,"column":30},"end":{"line":314,"column":1}},"line":299},"18":{"name":"(anonymous_18)","decl":{"start":{"line":302,"column":26},"end":{"line":302,"column":27}},"loc":{"start":{"line":302,"column":75},"end":{"line":311,"column":3}},"line":302},"19":{"name":"(anonymous_19)","decl":{"start":{"line":303,"column":17},"end":{"line":303,"column":18}},"loc":{"start":{"line":303,"column":31},"end":{"line":310,"column":5}},"line":303},"20":{"name":"(anonymous_20)","decl":{"start":{"line":321,"column":22},"end":{"line":321,"column":23}},"loc":{"start":{"line":321,"column":73},"end":{"line":338,"column":1}},"line":321},"21":{"name":"(anonymous_21)","decl":{"start":{"line":323,"column":9},"end":{"line":323,"column":10}},"loc":{"start":{"line":323,"column":33},"end":{"line":336,"column":5}},"line":323},"22":{"name":"(anonymous_22)","decl":{"start":{"line":337,"column":12},"end":{"line":337,"column":13}},"loc":{"start":{"line":337,"column":22},"end":{"line":337,"column":26}},"line":337},"23":{"name":"(anonymous_23)","decl":{"start":{"line":347,"column":23},"end":{"line":347,"column":24}},"loc":{"start":{"line":355,"column":5},"end":{"line":368,"column":1}},"line":355}},"branchMap":{"0":{"loc":{"start":{"line":19,"column":2},"end":{"line":21,"column":3}},"type":"if","locations":[{"start":{"line":19,"column":2},"end":{"line":21,"column":3}},{"start":{"line":19,"column":2},"end":{"line":21,"column":3}}],"line":19},"1":{"loc":{"start":{"line":19,"column":6},"end":{"line":19,"column":26}},"type":"binary-expr","locations":[{"start":{"line":19,"column":6},"end":{"line":19,"column":10}},{"start":{"line":19,"column":14},"end":{"line":19,"column":26}}],"line":19},"2":{"loc":{"start":{"line":42,"column":2},"end":{"line":44,"column":3}},"type":"if","locations":[{"start":{"line":42,"column":2},"end":{"line":44,"column":3}},{"start":{"line":42,"column":2},"end":{"line":44,"column":3}}],"line":42},"3":{"loc":{"start":{"line":42,"column":6},"end":{"line":42,"column":53}},"type":"binary-expr","locations":[{"start":{"line":42,"column":7},"end":{"line":42,"column":23}},{"start":{"line":42,"column":27},"end":{"line":42,"column":43}},{"start":{"line":42,"column":48},"end":{"line":42,"column":53}}],"line":42},"4":{"loc":{"start":{"line":45,"column":9},"end":{"line":45,"column":47}},"type":"binary-expr","locations":[{"start":{"line":45,"column":9},"end":{"line":45,"column":20}},{"start":{"line":45,"column":24},"end":{"line":45,"column":47}}],"line":45},"5":{"loc":{"start":{"line":63,"column":19},"end":{"line":63,"column":36}},"type":"default-arg","locations":[{"start":{"line":63,"column":34},"end":{"line":63,"column":36}}],"line":63},"6":{"loc":{"start":{"line":63,"column":38},"end":{"line":63,"column":62}},"type":"default-arg","locations":[{"start":{"line":63,"column":59},"end":{"line":63,"column":62}}],"line":63},"7":{"loc":{"start":{"line":64,"column":2},"end":{"line":66,"column":3}},"type":"if","locations":[{"start":{"line":64,"column":2},"end":{"line":66,"column":3}},{"start":{"line":64,"column":2},"end":{"line":66,"column":3}}],"line":64},"8":{"loc":{"start":{"line":64,"column":7},"end":{"line":64,"column":25}},"type":"binary-expr","locations":[{"start":{"line":64,"column":7},"end":{"line":64,"column":11}},{"start":{"line":64,"column":15},"end":{"line":64,"column":25}}],"line":64},"9":{"loc":{"start":{"line":67,"column":2},"end":{"line":69,"column":3}},"type":"if","locations":[{"start":{"line":67,"column":2},"end":{"line":69,"column":3}},{"start":{"line":67,"column":2},"end":{"line":69,"column":3}}],"line":67},"10":{"loc":{"start":{"line":78,"column":10},"end":{"line":78,"column":19}},"type":"default-arg","locations":[{"start":{"line":78,"column":17},"end":{"line":78,"column":19}}],"line":78},"11":{"loc":{"start":{"line":78,"column":33},"end":{"line":78,"column":42}},"type":"default-arg","locations":[{"start":{"line":78,"column":40},"end":{"line":78,"column":42}}],"line":78},"12":{"loc":{"start":{"line":80,"column":4},"end":{"line":80,"column":21}},"type":"default-arg","locations":[{"start":{"line":80,"column":11},"end":{"line":80,"column":21}}],"line":80},"13":{"loc":{"start":{"line":81,"column":4},"end":{"line":81,"column":21}},"type":"default-arg","locations":[{"start":{"line":81,"column":11},"end":{"line":81,"column":21}}],"line":81},"14":{"loc":{"start":{"line":82,"column":4},"end":{"line":82,"column":37}},"type":"default-arg","locations":[{"start":{"line":82,"column":19},"end":{"line":82,"column":37}}],"line":82},"15":{"loc":{"start":{"line":83,"column":4},"end":{"line":83,"column":29}},"type":"default-arg","locations":[{"start":{"line":83,"column":15},"end":{"line":83,"column":29}}],"line":83},"16":{"loc":{"start":{"line":87,"column":4},"end":{"line":97,"column":16}},"type":"cond-expr","locations":[{"start":{"line":90,"column":8},"end":{"line":96,"column":32}},{"start":{"line":97,"column":8},"end":{"line":97,"column":16}}],"line":87},"17":{"loc":{"start":{"line":87,"column":4},"end":{"line":89,"column":52}},"type":"binary-expr","locations":[{"start":{"line":87,"column":4},"end":{"line":87,"column":14}},{"start":{"line":89,"column":4},"end":{"line":89,"column":52}}],"line":87},"18":{"loc":{"start":{"line":96,"column":17},"end":{"line":96,"column":31}},"type":"binary-expr","locations":[{"start":{"line":96,"column":17},"end":{"line":96,"column":25}},{"start":{"line":96,"column":29},"end":{"line":96,"column":31}}],"line":96},"19":{"loc":{"start":{"line":103,"column":2},"end":{"line":105,"column":3}},"type":"if","locations":[{"start":{"line":103,"column":2},"end":{"line":105,"column":3}},{"start":{"line":103,"column":2},"end":{"line":105,"column":3}}],"line":103},"20":{"loc":{"start":{"line":106,"column":2},"end":{"line":108,"column":3}},"type":"if","locations":[{"start":{"line":106,"column":2},"end":{"line":108,"column":3}},{"start":{"line":106,"column":2},"end":{"line":108,"column":3}}],"line":106},"21":{"loc":{"start":{"line":110,"column":2},"end":{"line":132,"column":3}},"type":"if","locations":[{"start":{"line":110,"column":2},"end":{"line":132,"column":3}},{"start":{"line":110,"column":2},"end":{"line":132,"column":3}}],"line":110},"22":{"loc":{"start":{"line":110,"column":6},"end":{"line":110,"column":45}},"type":"binary-expr","locations":[{"start":{"line":110,"column":6},"end":{"line":110,"column":20}},{"start":{"line":110,"column":24},"end":{"line":110,"column":45}}],"line":110},"23":{"loc":{"start":{"line":112,"column":4},"end":{"line":115,"column":5}},"type":"if","locations":[{"start":{"line":112,"column":4},"end":{"line":115,"column":5}},{"start":{"line":112,"column":4},"end":{"line":115,"column":5}}],"line":112},"24":{"loc":{"start":{"line":127,"column":4},"end":{"line":129,"column":5}},"type":"if","locations":[{"start":{"line":127,"column":4},"end":{"line":129,"column":5}},{"start":{"line":127,"column":4},"end":{"line":129,"column":5}}],"line":127},"25":{"loc":{"start":{"line":144,"column":2},"end":{"line":144,"column":47}},"type":"default-arg","locations":[{"start":{"line":144,"column":34},"end":{"line":144,"column":47}}],"line":144},"26":{"loc":{"start":{"line":147,"column":2},"end":{"line":149,"column":3}},"type":"if","locations":[{"start":{"line":147,"column":2},"end":{"line":149,"column":3}},{"start":{"line":147,"column":2},"end":{"line":149,"column":3}}],"line":147},"27":{"loc":{"start":{"line":147,"column":6},"end":{"line":147,"column":35}},"type":"binary-expr","locations":[{"start":{"line":147,"column":6},"end":{"line":147,"column":11}},{"start":{"line":147,"column":15},"end":{"line":147,"column":35}}],"line":147},"28":{"loc":{"start":{"line":152,"column":6},"end":{"line":152,"column":30}},"type":"if","locations":[{"start":{"line":152,"column":6},"end":{"line":152,"column":30}},{"start":{"line":152,"column":6},"end":{"line":152,"column":30}}],"line":152},"29":{"loc":{"start":{"line":153,"column":6},"end":{"line":153,"column":52}},"type":"if","locations":[{"start":{"line":153,"column":6},"end":{"line":153,"column":52}},{"start":{"line":153,"column":6},"end":{"line":153,"column":52}}],"line":153},"30":{"loc":{"start":{"line":153,"column":10},"end":{"line":153,"column":38}},"type":"binary-expr","locations":[{"start":{"line":153,"column":10},"end":{"line":153,"column":21}},{"start":{"line":153,"column":25},"end":{"line":153,"column":38}}],"line":153},"31":{"loc":{"start":{"line":154,"column":6},"end":{"line":154,"column":33}},"type":"if","locations":[{"start":{"line":154,"column":6},"end":{"line":154,"column":33}},{"start":{"line":154,"column":6},"end":{"line":154,"column":33}}],"line":154},"32":{"loc":{"start":{"line":155,"column":6},"end":{"line":155,"column":35}},"type":"if","locations":[{"start":{"line":155,"column":6},"end":{"line":155,"column":35}},{"start":{"line":155,"column":6},"end":{"line":155,"column":35}}],"line":155},"33":{"loc":{"start":{"line":157,"column":6},"end":{"line":157,"column":38}},"type":"if","locations":[{"start":{"line":157,"column":6},"end":{"line":157,"column":38}},{"start":{"line":157,"column":6},"end":{"line":157,"column":38}}],"line":157},"34":{"loc":{"start":{"line":163,"column":6},"end":{"line":165,"column":7}},"type":"if","locations":[{"start":{"line":163,"column":6},"end":{"line":165,"column":7}},{"start":{"line":163,"column":6},"end":{"line":165,"column":7}}],"line":163},"35":{"loc":{"start":{"line":166,"column":6},"end":{"line":168,"column":7}},"type":"if","locations":[{"start":{"line":166,"column":6},"end":{"line":168,"column":7}},{"start":{"line":166,"column":6},"end":{"line":168,"column":7}}],"line":166},"36":{"loc":{"start":{"line":166,"column":10},"end":{"line":166,"column":68}},"type":"binary-expr","locations":[{"start":{"line":166,"column":10},"end":{"line":166,"column":26}},{"start":{"line":166,"column":30},"end":{"line":166,"column":44}},{"start":{"line":166,"column":48},"end":{"line":166,"column":68}}],"line":166},"37":{"loc":{"start":{"line":172,"column":6},"end":{"line":174,"column":7}},"type":"if","locations":[{"start":{"line":172,"column":6},"end":{"line":174,"column":7}},{"start":{"line":172,"column":6},"end":{"line":174,"column":7}}],"line":172},"38":{"loc":{"start":{"line":177,"column":10},"end":{"line":177,"column":30}},"type":"default-arg","locations":[{"start":{"line":177,"column":17},"end":{"line":177,"column":30}}],"line":177},"39":{"loc":{"start":{"line":179,"column":29},"end":{"line":179,"column":55}},"type":"cond-expr","locations":[{"start":{"line":179,"column":38},"end":{"line":179,"column":49}},{"start":{"line":179,"column":52},"end":{"line":179,"column":55}}],"line":179},"40":{"loc":{"start":{"line":182,"column":45},"end":{"line":182,"column":65}},"type":"binary-expr","locations":[{"start":{"line":182,"column":45},"end":{"line":182,"column":55}},{"start":{"line":182,"column":59},"end":{"line":182,"column":65}}],"line":182},"41":{"loc":{"start":{"line":187,"column":8},"end":{"line":189,"column":16}},"type":"cond-expr","locations":[{"start":{"line":188,"column":12},"end":{"line":188,"column":63}},{"start":{"line":189,"column":12},"end":{"line":189,"column":16}}],"line":187},"42":{"loc":{"start":{"line":187,"column":8},"end":{"line":187,"column":75}},"type":"binary-expr","locations":[{"start":{"line":187,"column":8},"end":{"line":187,"column":24}},{"start":{"line":187,"column":28},"end":{"line":187,"column":48}},{"start":{"line":187,"column":52},"end":{"line":187,"column":65}},{"start":{"line":187,"column":69},"end":{"line":187,"column":75}}],"line":187},"43":{"loc":{"start":{"line":192,"column":8},"end":{"line":192,"column":34}},"type":"default-arg","locations":[{"start":{"line":192,"column":32},"end":{"line":192,"column":34}}],"line":192},"44":{"loc":{"start":{"line":206,"column":13},"end":{"line":206,"column":56}},"type":"binary-expr","locations":[{"start":{"line":206,"column":13},"end":{"line":206,"column":21}},{"start":{"line":206,"column":25},"end":{"line":206,"column":56}}],"line":206},"45":{"loc":{"start":{"line":210,"column":16},"end":{"line":210,"column":37}},"type":"binary-expr","locations":[{"start":{"line":210,"column":16},"end":{"line":210,"column":31}},{"start":{"line":210,"column":35},"end":{"line":210,"column":37}}],"line":210},"46":{"loc":{"start":{"line":212,"column":16},"end":{"line":212,"column":32}},"type":"binary-expr","locations":[{"start":{"line":212,"column":16},"end":{"line":212,"column":26}},{"start":{"line":212,"column":30},"end":{"line":212,"column":32}}],"line":212},"47":{"loc":{"start":{"line":214,"column":26},"end":{"line":214,"column":44}},"type":"binary-expr","locations":[{"start":{"line":214,"column":26},"end":{"line":214,"column":29}},{"start":{"line":214,"column":33},"end":{"line":214,"column":44}}],"line":214},"48":{"loc":{"start":{"line":217,"column":6},"end":{"line":221,"column":7}},"type":"if","locations":[{"start":{"line":217,"column":6},"end":{"line":221,"column":7}},{"start":{"line":217,"column":6},"end":{"line":221,"column":7}}],"line":217},"49":{"loc":{"start":{"line":222,"column":6},"end":{"line":240,"column":7}},"type":"if","locations":[{"start":{"line":222,"column":6},"end":{"line":240,"column":7}},{"start":{"line":222,"column":6},"end":{"line":240,"column":7}}],"line":222},"50":{"loc":{"start":{"line":222,"column":10},"end":{"line":222,"column":38}},"type":"binary-expr","locations":[{"start":{"line":222,"column":10},"end":{"line":222,"column":21}},{"start":{"line":222,"column":25},"end":{"line":222,"column":38}}],"line":222},"51":{"loc":{"start":{"line":226,"column":18},"end":{"line":226,"column":46}},"type":"binary-expr","locations":[{"start":{"line":226,"column":18},"end":{"line":226,"column":29}},{"start":{"line":226,"column":33},"end":{"line":226,"column":46}}],"line":226},"52":{"loc":{"start":{"line":227,"column":24},"end":{"line":227,"column":36}},"type":"binary-expr","locations":[{"start":{"line":227,"column":24},"end":{"line":227,"column":30}},{"start":{"line":227,"column":34},"end":{"line":227,"column":36}}],"line":227},"53":{"loc":{"start":{"line":233,"column":10},"end":{"line":235,"column":23}},"type":"cond-expr","locations":[{"start":{"line":234,"column":14},"end":{"line":234,"column":31}},{"start":{"line":235,"column":14},"end":{"line":235,"column":23}}],"line":233},"54":{"loc":{"start":{"line":233,"column":10},"end":{"line":233,"column":59}},"type":"binary-expr","locations":[{"start":{"line":233,"column":10},"end":{"line":233,"column":27}},{"start":{"line":233,"column":31},"end":{"line":233,"column":59}}],"line":233},"55":{"loc":{"start":{"line":237,"column":8},"end":{"line":239,"column":9}},"type":"if","locations":[{"start":{"line":237,"column":8},"end":{"line":239,"column":9}},{"start":{"line":237,"column":8},"end":{"line":239,"column":9}}],"line":237},"56":{"loc":{"start":{"line":251,"column":31},"end":{"line":251,"column":60}},"type":"default-arg","locations":[{"start":{"line":251,"column":58},"end":{"line":251,"column":60}}],"line":251},"57":{"loc":{"start":{"line":255,"column":8},"end":{"line":258,"column":22}},"type":"binary-expr","locations":[{"start":{"line":255,"column":8},"end":{"line":255,"column":12}},{"start":{"line":256,"column":9},"end":{"line":256,"column":18}},{"start":{"line":256,"column":22},"end":{"line":256,"column":35}},{"start":{"line":257,"column":8},"end":{"line":257,"column":24}},{"start":{"line":258,"column":8},"end":{"line":258,"column":22}}],"line":255},"58":{"loc":{"start":{"line":261,"column":6},"end":{"line":269,"column":7}},"type":"if","locations":[{"start":{"line":261,"column":6},"end":{"line":269,"column":7}},{"start":{"line":261,"column":6},"end":{"line":269,"column":7}}],"line":261},"59":{"loc":{"start":{"line":262,"column":8},"end":{"line":265,"column":74}},"type":"binary-expr","locations":[{"start":{"line":262,"column":8},"end":{"line":262,"column":21}},{"start":{"line":263,"column":8},"end":{"line":263,"column":36}},{"start":{"line":264,"column":8},"end":{"line":264,"column":32}},{"start":{"line":265,"column":8},"end":{"line":265,"column":74}}],"line":262},"60":{"loc":{"start":{"line":265,"column":52},"end":{"line":265,"column":73}},"type":"binary-expr","locations":[{"start":{"line":265,"column":52},"end":{"line":265,"column":57}},{"start":{"line":265,"column":61},"end":{"line":265,"column":73}}],"line":265},"61":{"loc":{"start":{"line":268,"column":8},"end":{"line":268,"column":58}},"type":"if","locations":[{"start":{"line":268,"column":8},"end":{"line":268,"column":58}},{"start":{"line":268,"column":8},"end":{"line":268,"column":58}}],"line":268},"62":{"loc":{"start":{"line":282,"column":6},"end":{"line":288,"column":7}},"type":"if","locations":[{"start":{"line":282,"column":6},"end":{"line":288,"column":7}},{"start":{"line":282,"column":6},"end":{"line":288,"column":7}}],"line":282},"63":{"loc":{"start":{"line":283,"column":8},"end":{"line":284,"column":58}},"type":"binary-expr","locations":[{"start":{"line":283,"column":8},"end":{"line":283,"column":29}},{"start":{"line":284,"column":8},"end":{"line":284,"column":58}}],"line":283},"64":{"loc":{"start":{"line":304,"column":6},"end":{"line":306,"column":7}},"type":"if","locations":[{"start":{"line":304,"column":6},"end":{"line":306,"column":7}},{"start":{"line":304,"column":6},"end":{"line":306,"column":7}}],"line":304},"65":{"loc":{"start":{"line":304,"column":10},"end":{"line":304,"column":39}},"type":"binary-expr","locations":[{"start":{"line":304,"column":10},"end":{"line":304,"column":18}},{"start":{"line":304,"column":22},"end":{"line":304,"column":39}}],"line":304},"66":{"loc":{"start":{"line":308,"column":44},"end":{"line":308,"column":70}},"type":"cond-expr","locations":[{"start":{"line":308,"column":53},"end":{"line":308,"column":64}},{"start":{"line":308,"column":67},"end":{"line":308,"column":70}}],"line":308},"67":{"loc":{"start":{"line":321,"column":23},"end":{"line":321,"column":52}},"type":"default-arg","locations":[{"start":{"line":321,"column":50},"end":{"line":321,"column":52}}],"line":321},"68":{"loc":{"start":{"line":324,"column":6},"end":{"line":331,"column":7}},"type":"if","locations":[{"start":{"line":324,"column":6},"end":{"line":331,"column":7}},{"start":{"line":324,"column":6},"end":{"line":331,"column":7}}],"line":324},"69":{"loc":{"start":{"line":325,"column":8},"end":{"line":327,"column":32}},"type":"binary-expr","locations":[{"start":{"line":325,"column":8},"end":{"line":325,"column":21}},{"start":{"line":326,"column":8},"end":{"line":326,"column":36}},{"start":{"line":327,"column":8},"end":{"line":327,"column":32}}],"line":325},"70":{"loc":{"start":{"line":330,"column":8},"end":{"line":330,"column":58}},"type":"if","locations":[{"start":{"line":330,"column":8},"end":{"line":330,"column":58}},{"start":{"line":330,"column":8},"end":{"line":330,"column":58}}],"line":330},"71":{"loc":{"start":{"line":361,"column":19},"end":{"line":363,"column":45}},"type":"cond-expr","locations":[{"start":{"line":362,"column":6},"end":{"line":362,"column":37}},{"start":{"line":363,"column":6},"end":{"line":363,"column":45}}],"line":361}},"s":{"0":323,"1":3,"2":3,"3":218,"4":3,"5":174,"6":174,"7":162,"8":12,"9":12,"10":3,"11":323,"12":323,"13":103,"14":220,"15":3,"16":485,"17":434,"18":51,"19":5,"20":46,"21":3,"22":323,"23":323,"24":323,"25":323,"26":323,"27":223,"28":323,"29":85,"30":323,"31":37,"32":3,"33":3,"34":34,"35":34,"36":1,"37":33,"38":319,"39":84,"40":84,"41":1,"42":83,"43":327,"44":0,"45":327,"46":37,"47":290,"48":287,"49":3,"50":0,"51":3,"52":0,"53":3,"54":324,"55":2,"56":324,"57":1,"58":323,"59":1,"60":322,"61":323,"62":323,"63":323,"64":323,"65":323,"66":323,"67":495,"68":323,"69":223,"70":100,"71":323,"72":37,"73":37,"74":37,"75":3,"76":323,"77":3,"78":3,"79":25,"80":139,"81":111,"82":20,"83":15,"84":15,"85":15,"86":96,"87":111,"88":1,"89":4,"90":1,"91":1,"92":1,"93":3,"94":12,"95":12,"96":33,"97":162,"98":21,"99":162,"100":162,"101":12,"102":12,"103":3,"104":3,"105":10,"106":30,"107":7,"108":7,"109":7,"110":23,"111":23,"112":23,"113":30,"114":3,"115":13,"116":13,"117":13,"118":13},"f":{"0":323,"1":218,"2":174,"3":323,"4":485,"5":323,"6":84,"7":327,"8":324,"9":323,"10":495,"11":25,"12":139,"13":111,"14":20,"15":111,"16":1,"17":12,"18":33,"19":162,"20":10,"21":30,"22":30,"23":13},"b":{"0":[162,12],"1":[174,174],"2":[103,220],"3":[323,150,260],"4":[220,133],"5":[0],"6":[0],"7":[434,51],"8":[485,0],"9":[5,46],"10":[314],"11":[0],"12":[323],"13":[323],"14":[317],"15":[323],"16":[3,320],"17":[323,6],"18":[3,3],"19":[223,100],"20":[85,238],"21":[37,286],"22":[323,37],"23":[3,34],"24":[1,33],"25":[13],"26":[1,83],"27":[84,84],"28":[0,327],"29":[37,290],"30":[327,301],"31":[287,3],"32":[0,3],"33":[0,3],"34":[2,322],"35":[1,323],"36":[324,324,323],"37":[1,322],"38":[0],"39":[323,0],"40":[323,221],"41":[37,286],"42":[323,220,43,37],"43":[101],"44":[323,174],"45":[323,319],"46":[323,101],"47":[495,495],"48":[223,100],"49":[37,286],"50":[323,297],"51":[37,11],"52":[37,5],"53":[34,3],"54":[37,37],"55":[3,34],"56":[0],"57":[139,139,27,114,111],"58":[15,96],"59":[111,16,16,16],"60":[20,20],"61":[15,0],"62":[1,3],"63":[4,4],"64":[21,141],"65":[162,162],"66":[62,100],"67":[0],"68":[7,23],"69":[30,7,7],"70":[7,0],"71":[3,10]},"_coverageSchema":"43e27e138ebf9cfc5966b082cf9a028302ed4184","hash":"4bb3d1160ee16f07585d11c077248f96ed3b0fe3"}
,"/Users/qixian/Documents/github/route-utils/test/test.config.router2.js": {"path":"/Users/qixian/Documents/github/route-utils/test/test.config.router2.js","statementMap":{"0":{"start":{"line":1,"column":13},"end":{"line":449,"column":1}}},"fnMap":{},"branchMap":{},"s":{"0":1},"f":{},"b":{},"_coverageSchema":"43e27e138ebf9cfc5966b082cf9a028302ed4184","hash":"31601a21beb435057e4559880899364cde7dc882"}
,"/Users/qixian/Documents/github/route-utils/test/test.menu.ts": {"path":"/Users/qixian/Documents/github/route-utils/test/test.menu.ts","statementMap":{},"fnMap":{},"branchMap":{},"s":{},"f":{},"b":{},"_coverageSchema":"43e27e138ebf9cfc5966b082cf9a028302ed4184","hash":"8337968cf3ba196f65830ae44eb55a0defb222ab"}
}
