TN:
SF:/Users/qixian/Documents/github/route-utils/src/getFlatMenus/getFlatMenus.ts
FN:8,(anonymous_0)
FN:16,(anonymous_1)
FNF:2
FNH:2
FNDA:39,(anonymous_0)
FNDA:177,(anonymous_1)
DA:8,2
DA:15,39
DA:16,39
DA:17,177
DA:18,1
DA:21,176
DA:22,176
DA:24,176
DA:25,24
DA:28,39
LF:10
LH:10
BRDA:9,0,0,0
BRDA:17,1,0,1
BRDA:17,1,1,176
BRDA:17,2,0,177
BRDA:17,2,1,177
BRDA:21,3,0,176
BRDA:21,3,1,2
BRDA:21,3,2,0
BRDA:22,4,0,176
BRDA:22,4,1,0
BRDA:22,4,2,0
BRDA:24,5,0,24
BRDA:24,5,1,152
BRF:13
BRH:9
end_of_record
TN:
SF:/Users/qixian/Documents/github/route-utils/src/getMatchMenu/getMatchMenu.ts
FN:6,(anonymous_0)
FN:11,(anonymous_1)
FN:31,(anonymous_2)
FN:49,(anonymous_3)
FN:67,(anonymous_4)
FN:74,(anonymous_5)
FNF:6
FNH:6
FNDA:13,(anonymous_0)
FNDA:174,(anonymous_1)
FNDA:22,(anonymous_2)
FNDA:13,(anonymous_3)
FNDA:14,(anonymous_4)
FNDA:14,(anonymous_5)
DA:6,1
DA:10,13
DA:12,174
DA:13,1
DA:15,173
DA:16,161
DA:18,161
DA:19,11
DA:22,150
DA:23,14
DA:29,148
DA:33,22
DA:34,6
DA:36,16
DA:37,6
DA:39,10
DA:49,1
DA:53,13
DA:54,13
DA:55,13
DA:56,13
DA:57,1
DA:59,12
DA:65,12
DA:66,12
DA:68,14
DA:69,2
DA:71,12
DA:72,12
DA:74,14
DA:75,12
DA:76,12
DA:78,12
LF:33
LH:33
BRDA:7,0,0,0
BRDA:12,1,0,1
BRDA:12,1,1,173
BRDA:12,2,0,174
BRDA:12,2,1,9
BRDA:15,3,0,161
BRDA:15,3,1,12
BRDA:15,4,0,173
BRDA:15,4,1,165
BRDA:15,4,2,163
BRDA:15,4,3,163
BRDA:18,5,0,11
BRDA:18,5,1,150
BRDA:22,6,0,14
BRDA:22,6,1,136
BRDA:33,7,0,6
BRDA:33,7,1,16
BRDA:36,8,0,6
BRDA:36,8,1,10
BRDA:55,9,0,13
BRDA:55,9,1,0
BRDA:56,10,0,1
BRDA:56,10,1,12
BRDA:59,11,0,12
BRDA:59,11,1,0
BRDA:66,12,0,12
BRDA:66,12,1,0
BRDA:68,13,0,2
BRDA:68,13,1,12
BRDA:75,14,0,12
BRDA:75,14,1,0
BRF:31
BRH:26
end_of_record
TN:
SF:/Users/qixian/Documents/github/route-utils/src/transformRoute/transformRoute.ts
FN:8,stripQueryStringAndHashFromPath
FN:15,(anonymous_1)
FN:17,(anonymous_2)
FN:35,(anonymous_3)
FN:63,(anonymous_4)
FN:74,(anonymous_5)
FN:142,formatter
FN:151,(anonymous_7)
FN:160,(anonymous_8)
FN:177,(anonymous_9)
FN:214,(anonymous_10)
FN:251,(anonymous_11)
FN:254,(anonymous_12)
FN:260,(anonymous_13)
FN:265,(anonymous_14)
FN:272,(anonymous_15)
FN:278,(anonymous_16)
FN:297,(anonymous_17)
FN:302,(anonymous_18)
FN:303,(anonymous_19)
FN:321,(anonymous_20)
FN:323,(anonymous_21)
FN:337,(anonymous_22)
FN:347,(anonymous_23)
FNF:24
FNH:24
FNDA:323,stripQueryStringAndHashFromPath
FNDA:218,(anonymous_1)
FNDA:174,(anonymous_2)
FNDA:323,(anonymous_3)
FNDA:485,(anonymous_4)
FNDA:323,(anonymous_5)
FNDA:84,formatter
FNDA:327,(anonymous_7)
FNDA:324,(anonymous_8)
FNDA:323,(anonymous_9)
FNDA:495,(anonymous_10)
FNDA:25,(anonymous_11)
FNDA:139,(anonymous_12)
FNDA:111,(anonymous_13)
FNDA:20,(anonymous_14)
FNDA:111,(anonymous_15)
FNDA:1,(anonymous_16)
FNDA:12,(anonymous_17)
FNDA:33,(anonymous_18)
FNDA:162,(anonymous_19)
FNDA:10,(anonymous_20)
FNDA:30,(anonymous_21)
FNDA:30,(anonymous_22)
FNDA:13,(anonymous_23)
DA:9,323
DA:13,3
DA:15,218
DA:17,3
DA:18,174
DA:19,174
DA:20,162
DA:23,12
DA:24,12
DA:35,3
DA:39,323
DA:42,323
DA:43,103
DA:45,220
DA:63,3
DA:64,485
DA:65,434
DA:67,51
DA:68,5
DA:70,46
DA:74,3
DA:78,323
DA:84,323
DA:87,323
DA:100,323
DA:103,323
DA:104,223
DA:106,323
DA:107,85
DA:110,323
DA:112,37
DA:113,3
DA:114,3
DA:118,34
DA:127,34
DA:128,1
DA:131,33
DA:134,319
DA:146,84
DA:147,84
DA:148,1
DA:150,83
DA:152,327
DA:153,327
DA:154,290
DA:155,3
DA:157,3
DA:158,3
DA:163,324
DA:164,2
DA:166,324
DA:167,1
DA:172,323
DA:173,1
DA:175,322
DA:178,323
DA:181,323
DA:182,323
DA:187,323
DA:198,323
DA:200,323
DA:214,495
DA:217,323
DA:218,223
DA:220,100
DA:222,323
DA:223,37
DA:232,37
DA:237,37
DA:238,3
DA:241,323
DA:246,3
DA:251,3
DA:252,25
DA:255,139
DA:261,111
DA:265,20
DA:267,15
DA:268,15
DA:270,96
DA:272,111
DA:281,1
DA:282,4
DA:286,1
DA:287,1
DA:290,1
DA:297,3
DA:301,12
DA:302,12
DA:303,33
DA:304,162
DA:305,21
DA:308,162
DA:309,162
DA:312,12
DA:313,12
DA:316,3
DA:321,3
DA:322,10
DA:324,30
DA:329,7
DA:330,7
DA:333,23
DA:334,23
DA:335,23
DA:337,30
DA:347,3
DA:356,13
DA:361,13
DA:365,13
DA:367,13
LF:111
LH:111
BRDA:19,0,0,162
BRDA:19,0,1,12
BRDA:19,1,0,174
BRDA:19,1,1,174
BRDA:42,2,0,103
BRDA:42,2,1,220
BRDA:42,3,0,323
BRDA:42,3,1,150
BRDA:42,3,2,260
BRDA:45,4,0,220
BRDA:45,4,1,133
BRDA:63,5,0,0
BRDA:63,6,0,0
BRDA:64,7,0,434
BRDA:64,7,1,51
BRDA:64,8,0,485
BRDA:64,8,1,0
BRDA:67,9,0,5
BRDA:67,9,1,46
BRDA:78,10,0,314
BRDA:78,11,0,0
BRDA:80,12,0,323
BRDA:81,13,0,323
BRDA:82,14,0,317
BRDA:83,15,0,323
BRDA:87,16,0,3
BRDA:87,16,1,320
BRDA:87,17,0,323
BRDA:87,17,1,6
BRDA:96,18,0,3
BRDA:96,18,1,3
BRDA:103,19,0,223
BRDA:103,19,1,100
BRDA:106,20,0,85
BRDA:106,20,1,238
BRDA:110,21,0,37
BRDA:110,21,1,286
BRDA:110,22,0,323
BRDA:110,22,1,37
BRDA:112,23,0,3
BRDA:112,23,1,34
BRDA:127,24,0,1
BRDA:127,24,1,33
BRDA:144,25,0,13
BRDA:147,26,0,1
BRDA:147,26,1,83
BRDA:147,27,0,84
BRDA:147,27,1,84
BRDA:152,28,0,0
BRDA:152,28,1,327
BRDA:153,29,0,37
BRDA:153,29,1,290
BRDA:153,30,0,327
BRDA:153,30,1,301
BRDA:154,31,0,287
BRDA:154,31,1,3
BRDA:155,32,0,0
BRDA:155,32,1,3
BRDA:157,33,0,0
BRDA:157,33,1,3
BRDA:163,34,0,2
BRDA:163,34,1,322
BRDA:166,35,0,1
BRDA:166,35,1,323
BRDA:166,36,0,324
BRDA:166,36,1,324
BRDA:166,36,2,323
BRDA:172,37,0,1
BRDA:172,37,1,322
BRDA:177,38,0,0
BRDA:179,39,0,323
BRDA:179,39,1,0
BRDA:182,40,0,323
BRDA:182,40,1,221
BRDA:187,41,0,37
BRDA:187,41,1,286
BRDA:187,42,0,323
BRDA:187,42,1,220
BRDA:187,42,2,43
BRDA:187,42,3,37
BRDA:192,43,0,101
BRDA:206,44,0,323
BRDA:206,44,1,174
BRDA:210,45,0,323
BRDA:210,45,1,319
BRDA:212,46,0,323
BRDA:212,46,1,101
BRDA:214,47,0,495
BRDA:214,47,1,495
BRDA:217,48,0,223
BRDA:217,48,1,100
BRDA:222,49,0,37
BRDA:222,49,1,286
BRDA:222,50,0,323
BRDA:222,50,1,297
BRDA:226,51,0,37
BRDA:226,51,1,11
BRDA:227,52,0,37
BRDA:227,52,1,5
BRDA:233,53,0,34
BRDA:233,53,1,3
BRDA:233,54,0,37
BRDA:233,54,1,37
BRDA:237,55,0,3
BRDA:237,55,1,34
BRDA:251,56,0,0
BRDA:255,57,0,139
BRDA:255,57,1,139
BRDA:255,57,2,27
BRDA:255,57,3,114
BRDA:255,57,4,111
BRDA:261,58,0,15
BRDA:261,58,1,96
BRDA:262,59,0,111
BRDA:262,59,1,16
BRDA:262,59,2,16
BRDA:262,59,3,16
BRDA:265,60,0,20
BRDA:265,60,1,20
BRDA:268,61,0,15
BRDA:268,61,1,0
BRDA:282,62,0,1
BRDA:282,62,1,3
BRDA:283,63,0,4
BRDA:283,63,1,4
BRDA:304,64,0,21
BRDA:304,64,1,141
BRDA:304,65,0,162
BRDA:304,65,1,162
BRDA:308,66,0,62
BRDA:308,66,1,100
BRDA:321,67,0,0
BRDA:324,68,0,7
BRDA:324,68,1,23
BRDA:325,69,0,30
BRDA:325,69,1,7
BRDA:325,69,2,7
BRDA:330,70,0,7
BRDA:330,70,1,0
BRDA:361,71,0,3
BRDA:361,71,1,10
BRF:141
BRH:128
end_of_record
TN:
SF:/Users/qixian/Documents/github/route-utils/test/test.config.router2.js
FNF:0
FNH:0
DA:1,1
LF:1
LH:1
BRF:0
BRH:0
end_of_record
TN:
SF:/Users/qixian/Documents/github/route-utils/test/test.menu.ts
FNF:0
FNH:0
LF:0
LH:0
BRF:0
BRH:0
end_of_record
